CRITICAL - 2024-11-06 07:43:51 --> Error: Undefined constant "base_url"
[Method: GET, Route: /]
in APPPATH/Views/welcome_message.php on line 11.
 1 SYSTEMPATH/View/View.php(234): include()
 2 SYSTEMPATH/View/View.php(237): CodeIgniter\View\View->CodeIgniter\View\{closure}()
 3 SYSTEMPATH/Common.php(1171): CodeIgniter\View\View->render()
 4 APPPATH/Controllers/Home.php(9): view()
 5 SYSTEMPATH/CodeIgniter.php(933): App\Controllers\Home->index()
 6 SYSTEMPATH/CodeIgniter.php(509): CodeIgniter\CodeIgniter->runController()
 7 SYSTEMPATH/CodeIgniter.php(355): CodeIgniter\CodeIgniter->handleRequest()
 8 SYSTEMPATH/Boot.php(325): CodeIgniter\CodeIgniter->run()
 9 SYSTEMPATH/Boot.php(67): CodeIgniter\Boot::runCodeIgniter()
10 FCPATH/index.php(56): CodeIgniter\Boot::bootWeb()
11 SYSTEMPATH/rewrite.php(44): require_once('/home/alghifari/Documents/GitHub/CI/presensi_ci4/public/index.php')
CRITICAL - 2024-11-06 07:44:06 --> Error: Undefined constant "base_url"
[Method: GET, Route: /]
in APPPATH/Views/welcome_message.php on line 11.
 1 SYSTEMPATH/View/View.php(234): include()
 2 SYSTEMPATH/View/View.php(237): CodeIgniter\View\View->CodeIgniter\View\{closure}()
 3 SYSTEMPATH/Common.php(1171): CodeIgniter\View\View->render()
 4 APPPATH/Controllers/Home.php(9): view()
 5 SYSTEMPATH/CodeIgniter.php(933): App\Controllers\Home->index()
 6 SYSTEMPATH/CodeIgniter.php(509): CodeIgniter\CodeIgniter->runController()
 7 SYSTEMPATH/CodeIgniter.php(355): CodeIgniter\CodeIgniter->handleRequest()
 8 SYSTEMPATH/Boot.php(325): CodeIgniter\CodeIgniter->run()
 9 SYSTEMPATH/Boot.php(67): CodeIgniter\Boot::runCodeIgniter()
10 FCPATH/index.php(56): CodeIgniter\Boot::bootWeb()
11 SYSTEMPATH/rewrite.php(44): require_once('/home/alghifari/Documents/GitHub/CI/presensi_ci4/public/index.php')
CRITICAL - 2024-11-06 08:36:13 --> Error: Call to undefined method CodeIgniter\View\View::extends()
[Method: GET, Route: /]
in APPPATH/Views/welcome_message.php on line 1.
 1 SYSTEMPATH/View/View.php(234): include()
 2 SYSTEMPATH/View/View.php(237): CodeIgniter\View\View->CodeIgniter\View\{closure}()
 3 SYSTEMPATH/Common.php(1171): CodeIgniter\View\View->render()
 4 APPPATH/Controllers/Home.php(9): view()
 5 SYSTEMPATH/CodeIgniter.php(933): App\Controllers\Home->index()
 6 SYSTEMPATH/CodeIgniter.php(509): CodeIgniter\CodeIgniter->runController()
 7 SYSTEMPATH/CodeIgniter.php(355): CodeIgniter\CodeIgniter->handleRequest()
 8 SYSTEMPATH/Boot.php(325): CodeIgniter\CodeIgniter->run()
 9 SYSTEMPATH/Boot.php(67): CodeIgniter\Boot::runCodeIgniter()
10 FCPATH/index.php(56): CodeIgniter\Boot::bootWeb()
11 SYSTEMPATH/rewrite.php(44): require_once('/home/alghifari/Documents/GitHub/CI/presensi_ci4/public/index.php')
CRITICAL - 2024-11-06 08:39:36 --> Error: Call to undefined method CodeIgniter\View\View::extends()
[Method: GET, Route: /]
in APPPATH/Views/welcome_message.php on line 1.
 1 SYSTEMPATH/View/View.php(234): include()
 2 SYSTEMPATH/View/View.php(237): CodeIgniter\View\View->CodeIgniter\View\{closure}()
 3 SYSTEMPATH/Common.php(1171): CodeIgniter\View\View->render()
 4 APPPATH/Controllers/Home.php(9): view()
 5 SYSTEMPATH/CodeIgniter.php(933): App\Controllers\Home->index()
 6 SYSTEMPATH/CodeIgniter.php(509): CodeIgniter\CodeIgniter->runController()
 7 SYSTEMPATH/CodeIgniter.php(355): CodeIgniter\CodeIgniter->handleRequest()
 8 SYSTEMPATH/Boot.php(325): CodeIgniter\CodeIgniter->run()
 9 SYSTEMPATH/Boot.php(67): CodeIgniter\Boot::runCodeIgniter()
10 FCPATH/index.php(56): CodeIgniter\Boot::bootWeb()
11 SYSTEMPATH/rewrite.php(44): require_once('/home/alghifari/Documents/GitHub/CI/presensi_ci4/public/index.php')
CRITICAL - 2024-11-06 08:39:39 --> Error: Call to undefined method CodeIgniter\View\View::extends()
[Method: GET, Route: /]
in APPPATH/Views/welcome_message.php on line 1.
 1 SYSTEMPATH/View/View.php(234): include()
 2 SYSTEMPATH/View/View.php(237): CodeIgniter\View\View->CodeIgniter\View\{closure}()
 3 SYSTEMPATH/Common.php(1171): CodeIgniter\View\View->render()
 4 APPPATH/Controllers/Home.php(9): view()
 5 SYSTEMPATH/CodeIgniter.php(933): App\Controllers\Home->index()
 6 SYSTEMPATH/CodeIgniter.php(509): CodeIgniter\CodeIgniter->runController()
 7 SYSTEMPATH/CodeIgniter.php(355): CodeIgniter\CodeIgniter->handleRequest()
 8 SYSTEMPATH/Boot.php(325): CodeIgniter\CodeIgniter->run()
 9 SYSTEMPATH/Boot.php(67): CodeIgniter\Boot::runCodeIgniter()
10 FCPATH/index.php(56): CodeIgniter\Boot::bootWeb()
11 SYSTEMPATH/rewrite.php(44): require_once('/home/alghifari/Documents/GitHub/CI/presensi_ci4/public/index.php')
ERROR - 2024-11-06 09:44:54 --> mysqli_sql_exception: Referencing column 'id_pegawai' and referenced column 'id' in foreign key constraint 'users_id_pegawai_foreign' are incompatible. in /home/alghifari/Documents/GitHub/CI/presensi_ci4/system/Database/MySQLi/Connection.php:312
Stack trace:
#0 /home/alghifari/Documents/GitHub/CI/presensi_ci4/system/Database/MySQLi/Connection.php(312): mysqli->query()
#1 /home/alghifari/Documents/GitHub/CI/presensi_ci4/system/Database/BaseConnection.php(734): CodeIgniter\Database\MySQLi\Connection->execute()
#2 /home/alghifari/Documents/GitHub/CI/presensi_ci4/system/Database/BaseConnection.php(648): CodeIgniter\Database\BaseConnection->simpleQuery()
#3 /home/alghifari/Documents/GitHub/CI/presensi_ci4/system/Database/Forge.php(570): CodeIgniter\Database\BaseConnection->query()
#4 /home/alghifari/Documents/GitHub/CI/presensi_ci4/app/Database/Migrations/2024-11-06-092509_Users.php(41): CodeIgniter\Database\Forge->createTable()
#5 /home/alghifari/Documents/GitHub/CI/presensi_ci4/system/Database/MigrationRunner.php(867): App\Database\Migrations\Users->up()
#6 /home/alghifari/Documents/GitHub/CI/presensi_ci4/system/Database/MigrationRunner.php(183): CodeIgniter\Database\MigrationRunner->migrate()
#7 /home/alghifari/Documents/GitHub/CI/presensi_ci4/system/Commands/Database/Migrate.php(85): CodeIgniter\Database\MigrationRunner->latest()
#8 /home/alghifari/Documents/GitHub/CI/presensi_ci4/system/CLI/Commands.php(70): CodeIgniter\Commands\Database\Migrate->run()
#9 /home/alghifari/Documents/GitHub/CI/presensi_ci4/system/CLI/Console.php(48): CodeIgniter\CLI\Commands->run()
#10 /home/alghifari/Documents/GitHub/CI/presensi_ci4/system/Boot.php(351): CodeIgniter\CLI\Console->run()
#11 /home/alghifari/Documents/GitHub/CI/presensi_ci4/system/Boot.php(104): CodeIgniter\Boot::runCommand()
#12 /home/alghifari/Documents/GitHub/CI/presensi_ci4/spark(84): CodeIgniter\Boot::bootSpark()
#13 {main}
